-------------------------------------------------------------------------------
Test set: com.example.tests.CardProgramCloneSimpleDuplicationIntegrationTests
-------------------------------------------------------------------------------
Tests run: 1, Failures: 0, Errors: 1, Skipped: 0, Time elapsed: 9.665 sec <<< FAILURE! - in com.example.tests.CardProgramCloneSimpleDuplicationIntegrationTests
testCardProgramCloneSimpleDuplicationIntegrationTests(com.example.tests.CardProgramCloneSimpleDuplicationIntegrationTests)  Time elapsed: 9.665 sec  <<< ERROR!
org.openqa.selenium.StaleElementReferenceException: Element is no longer attached to the DOM
Command duration or timeout: 194 milliseconds
For documentation on this error, please visit: http://seleniumhq.org/exceptions/stale_element_reference.html
Build info: version: '2.40.0', revision: '4c5c0568b004f67810ee41c459549aa4b09c651e', time: '2014-02-19 11:13:01'
System info: host: 'vaio-VAIO', ip: '192.168.56.1', os.name: 'Windows 7', os.arch: 'amd64', os.version: '6.1', java.version: '1.7.0_25'
Session ID: 96a1c3ab-6d81-4cd0-a918-422414a9dae4
Driver info: org.openqa.selenium.firefox.FirefoxDriver
Capabilities [{platform=XP, acceptSslCerts=true, javascriptEnabled=true, cssSelectorsEnabled=true, databaseEnabled=true, browserName=firefox, handlesAlerts=true, browserConnectionEnabled=true, webStorageEnabled=true, nativeEvents=true, rotatable=false, locationContextEnabled=true, applicationCacheEnabled=true, takesScreenshot=true, version=27.0.1}]
	at sun.reflect.NativeConstructorAccessorImpl.newInstance0(Native Method)
	at sun.reflect.NativeConstructorAccessorImpl.newInstance(NativeConstructorAccessorImpl.java:57)
	at sun.reflect.DelegatingConstructorAccessorImpl.newInstance(DelegatingConstructorAccessorImpl.java:45)
	at java.lang.reflect.Constructor.newInstance(Constructor.java:526)
	at org.openqa.selenium.remote.ErrorHandler.createThrowable(ErrorHandler.java:193)
	at org.openqa.selenium.remote.ErrorHandler.throwIfResponseFailed(ErrorHandler.java:145)
	at org.openqa.selenium.remote.RemoteWebDriver.execute(RemoteWebDriver.java:573)
	at org.openqa.selenium.remote.RemoteWebElement.execute(RemoteWebElement.java:268)
	at org.openqa.selenium.remote.RemoteWebElement.findElements(RemoteWebElement.java:187)
	at org.openqa.selenium.remote.RemoteWebElement.findElementsByXPath(RemoteWebElement.java:248)
	at org.openqa.selenium.By$ByXPath.findElements(By.java:352)
	at org.openqa.selenium.remote.RemoteWebElement.findElements(RemoteWebElement.java:163)
	at org.openqa.selenium.support.ui.Select.selectByVisibleText(Select.java:111)
	at com.example.tests.CardProgramCloneSimpleDuplicationIntegrationTests.testCardProgramCloneSimpleDuplicationIntegrationTests(CardProgramCloneSimpleDuplicationIntegrationTests.java:42)
Caused by: org.openqa.selenium.remote.ErrorHandler$UnknownServerException: Element is no longer attached to the DOM
Build info: version: '2.40.0', revision: '4c5c0568b004f67810ee41c459549aa4b09c651e', time: '2014-02-19 11:13:01'
System info: host: 'vaio-VAIO', ip: '192.168.56.1', os.name: 'Windows 7', os.arch: 'amd64', os.version: '6.1', java.version: '1.7.0_25'
Driver info: driver.version: unknown
	at <anonymous class>.fxdriver.cache.getElementAt(resource://fxdriver/modules/web_element_cache.js:7613)
	at <anonymous class>.Utils.getElementAt(file:///C:/Users/vaio/AppData/Local/Temp/anonymous1597502412844976459webdriver-profile/extensions/fxdriver@googlecode.com/components/driver_component.js:7210)
	at <anonymous class>.FirefoxDriver.prototype.findElementsInternal_(file:///C:/Users/vaio/AppData/Local/Temp/anonymous1597502412844976459webdriver-profile/extensions/fxdriver@googlecode.com/components/driver_component.js:8922)
	at <anonymous class>.fxdriver.Timer.prototype.setTimeout/<.notify(file:///C:/Users/vaio/AppData/Local/Temp/anonymous1597502412844976459webdriver-profile/extensions/fxdriver@googlecode.com/components/driver_component.js:396)

