-------------------------------------------------------------------------------
Test set: com.example.tests.SSV8VALDEBTA002IntegrationTests
-------------------------------------------------------------------------------
Tests run: 3, Failures: 0, Errors: 2, Skipped: 0, Time elapsed: 182.809 sec <<< FAILURE! - in com.example.tests.SSV8VALDEBTA002IntegrationTests
testSSV8VALDEBTA002IntegrationTests(com.example.tests.SSV8VALDEBTA002IntegrationTests)  Time elapsed: 53.489 sec  <<< ERROR!
org.openqa.selenium.InvalidElementStateException: Element is disabled and so may not be used for actions
Command duration or timeout: 30.10 seconds
Build info: version: '2.40.0', revision: '4c5c0568b004f67810ee41c459549aa4b09c651e', time: '2014-02-19 11:13:01'
System info: host: 'vaio-VAIO', ip: '192.168.56.1', os.name: 'Windows 7', os.arch: 'amd64', os.version: '6.1', java.version: '1.7.0_25'
Session ID: 971810a2-03a4-4adf-be42-a40c4e15a7c9
Driver info: org.openqa.selenium.firefox.FirefoxDriver
Capabilities [{platform=XP, acceptSslCerts=true, javascriptEnabled=true, cssSelectorsEnabled=true, databaseEnabled=true, browserName=firefox, handlesAlerts=true, browserConnectionEnabled=true, webStorageEnabled=true, nativeEvents=false, rotatable=false, locationContextEnabled=true, applicationCacheEnabled=true, takesScreenshot=true, version=28.0}]
	at sun.reflect.NativeConstructorAccessorImpl.newInstance0(Native Method)
	at sun.reflect.NativeConstructorAccessorImpl.newInstance(NativeConstructorAccessorImpl.java:57)
	at sun.reflect.DelegatingConstructorAccessorImpl.newInstance(DelegatingConstructorAccessorImpl.java:45)
	at java.lang.reflect.Constructor.newInstance(Constructor.java:526)
	at org.openqa.selenium.remote.ErrorHandler.createThrowable(ErrorHandler.java:193)
	at org.openqa.selenium.remote.ErrorHandler.throwIfResponseFailed(ErrorHandler.java:145)
	at org.openqa.selenium.remote.RemoteWebDriver.execute(RemoteWebDriver.java:573)
	at org.openqa.selenium.remote.RemoteWebElement.execute(RemoteWebElement.java:268)
	at org.openqa.selenium.remote.RemoteWebElement.clear(RemoteWebElement.java:113)
	at com.example.tests.SSV8VALDEBTA002IntegrationTests.testSSV8VALDEBTA002IntegrationTests(SSV8VALDEBTA002IntegrationTests.java:54)
Caused by: org.openqa.selenium.remote.ErrorHandler$UnknownServerException: Element is disabled and so may not be used for actions
Build info: version: '2.40.0', revision: '4c5c0568b004f67810ee41c459549aa4b09c651e', time: '2014-02-19 11:13:01'
System info: host: 'vaio-VAIO', ip: '192.168.56.1', os.name: 'Windows 7', os.arch: 'amd64', os.version: '6.1', java.version: '1.7.0_25'
Driver info: driver.version: unknown
	at <anonymous class>.fxdriver.preconditions.enabled(file:///C:/Users/vaio/AppData/Local/Temp/anonymous6293650100267207976webdriver-profile/extensions/fxdriver@googlecode.com/components/command_processor.js:8231)
	at <anonymous class>.DelayedCommand.prototype.checkPreconditions_(file:///C:/Users/vaio/AppData/Local/Temp/anonymous6293650100267207976webdriver-profile/extensions/fxdriver@googlecode.com/components/command_processor.js:10861)
	at <anonymous class>.DelayedCommand.prototype.executeInternal_/h(file:///C:/Users/vaio/AppData/Local/Temp/anonymous6293650100267207976webdriver-profile/extensions/fxdriver@googlecode.com/components/command_processor.js:10878)
	at <anonymous class>.fxdriver.Timer.prototype.setTimeout/<.notify(file:///C:/Users/vaio/AppData/Local/Temp/anonymous6293650100267207976webdriver-profile/extensions/fxdriver@googlecode.com/components/command_processor.js:396)

testSSV8VALDEBTA0023IntegrationTests(com.example.tests.SSV8VALDEBTA002IntegrationTests)  Time elapsed: 63.16 sec  <<< ERROR!
org.openqa.selenium.InvalidElementStateException: Element is disabled and so may not be used for actions
Command duration or timeout: 30.08 seconds
Build info: version: '2.40.0', revision: '4c5c0568b004f67810ee41c459549aa4b09c651e', time: '2014-02-19 11:13:01'
System info: host: 'vaio-VAIO', ip: '192.168.56.1', os.name: 'Windows 7', os.arch: 'amd64', os.version: '6.1', java.version: '1.7.0_25'
Session ID: def187cd-aae0-4db0-9002-42737a27be51
Driver info: org.openqa.selenium.firefox.FirefoxDriver
Capabilities [{platform=XP, acceptSslCerts=true, javascriptEnabled=true, cssSelectorsEnabled=true, databaseEnabled=true, browserName=firefox, handlesAlerts=true, browserConnectionEnabled=true, webStorageEnabled=true, nativeEvents=false, rotatable=false, locationContextEnabled=true, applicationCacheEnabled=true, takesScreenshot=true, version=28.0}]
	at sun.reflect.NativeConstructorAccessorImpl.newInstance0(Native Method)
	at sun.reflect.NativeConstructorAccessorImpl.newInstance(NativeConstructorAccessorImpl.java:57)
	at sun.reflect.DelegatingConstructorAccessorImpl.newInstance(DelegatingConstructorAccessorImpl.java:45)
	at java.lang.reflect.Constructor.newInstance(Constructor.java:526)
	at org.openqa.selenium.remote.ErrorHandler.createThrowable(ErrorHandler.java:193)
	at org.openqa.selenium.remote.ErrorHandler.throwIfResponseFailed(ErrorHandler.java:145)
	at org.openqa.selenium.remote.RemoteWebDriver.execute(RemoteWebDriver.java:573)
	at org.openqa.selenium.remote.RemoteWebElement.execute(RemoteWebElement.java:268)
	at org.openqa.selenium.remote.RemoteWebElement.clear(RemoteWebElement.java:113)
	at com.example.tests.SSV8VALDEBTA002IntegrationTests.testSSV8VALDEBTA0023IntegrationTests(SSV8VALDEBTA002IntegrationTests.java:236)
Caused by: org.openqa.selenium.remote.ErrorHandler$UnknownServerException: Element is disabled and so may not be used for actions
Build info: version: '2.40.0', revision: '4c5c0568b004f67810ee41c459549aa4b09c651e', time: '2014-02-19 11:13:01'
System info: host: 'vaio-VAIO', ip: '192.168.56.1', os.name: 'Windows 7', os.arch: 'amd64', os.version: '6.1', java.version: '1.7.0_25'
Driver info: driver.version: unknown
	at <anonymous class>.fxdriver.preconditions.enabled(file:///C:/Users/vaio/AppData/Local/Temp/anonymous3650044675075389287webdriver-profile/extensions/fxdriver@googlecode.com/components/command_processor.js:8231)
	at <anonymous class>.DelayedCommand.prototype.checkPreconditions_(file:///C:/Users/vaio/AppData/Local/Temp/anonymous3650044675075389287webdriver-profile/extensions/fxdriver@googlecode.com/components/command_processor.js:10861)
	at <anonymous class>.DelayedCommand.prototype.executeInternal_/h(file:///C:/Users/vaio/AppData/Local/Temp/anonymous3650044675075389287webdriver-profile/extensions/fxdriver@googlecode.com/components/command_processor.js:10878)
	at <anonymous class>.fxdriver.Timer.prototype.setTimeout/<.notify(file:///C:/Users/vaio/AppData/Local/Temp/anonymous3650044675075389287webdriver-profile/extensions/fxdriver@googlecode.com/components/command_processor.js:396)

