<?xml version="1.0" encoding="UTF-8"?>
<testsuite name="com.example.tests.CardProgramCloneDuplicationWithDetailsModificationIntegrationTests" time="92.483" tests="2" errors="2" skipped="0" failures="0">
  <properties>
[...]
</properties>
  <testcase name="testCardProgramCloneDuplicationWithDetailsModificationIntegrationTests" classname="com.example.tests.CardProgramCloneDuplicationWithDetailsModificationIntegrationTests" time="46.234">
    <error message="Unable to bind to locking port 7054 within 45000 ms&#10;Build info: version: &apos;2.40.0&apos;, revision: &apos;4c5c0568b004f67810ee41c459549aa4b09c651e&apos;, time: &apos;2014-02-19 11:13:01&apos;&#10;System info: host: &apos;vaio-VAIO&apos;, ip: &apos;192.168.56.1&apos;, os.name: &apos;Windows 7&apos;, os.arch: &apos;amd64&apos;, os.version: &apos;6.1&apos;, java.version: &apos;1.7.0_25&apos;&#10;Driver info: driver.version: FirefoxDriver" type="org.openqa.selenium.WebDriverException"><![CDATA[org.openqa.selenium.WebDriverException: Unable to bind to locking port 7054 within 45000 ms
Build info: version: '2.40.0', revision: '4c5c0568b004f67810ee41c459549aa4b09c651e', time: '2014-02-19 11:13:01'
System info: host: 'vaio-VAIO', ip: '192.168.56.1', os.name: 'Windows 7', os.arch: 'amd64', os.version: '6.1', java.version: '1.7.0_25'
Driver info: driver.version: FirefoxDriver
	at org.openqa.selenium.internal.SocketLock.lock(SocketLock.java:98)
	at org.openqa.selenium.firefox.internal.NewProfileExtensionConnection.start(NewProfileExtensionConnection.java:84)
	at org.openqa.selenium.firefox.FirefoxDriver.startClient(FirefoxDriver.java:247)
	at org.openqa.selenium.remote.RemoteWebDriver.<init>(RemoteWebDriver.java:112)
	at org.openqa.selenium.firefox.FirefoxDriver.<init>(FirefoxDriver.java:192)
	at org.openqa.selenium.firefox.FirefoxDriver.<init>(FirefoxDriver.java:187)
	at org.openqa.selenium.firefox.FirefoxDriver.<init>(FirefoxDriver.java:183)
	at org.openqa.selenium.firefox.FirefoxDriver.<init>(FirefoxDriver.java:96)
	at com.example.tests.CardProgramCloneDuplicationWithDetailsModificationIntegrationTests.setUp(CardProgramCloneDuplicationWithDetailsModificationIntegrationTests.java:21)
]]></error>
  </testcase>
  <testcase name="testCardProgramCloneDuplicationWithDetailsModificationIntegrationTests" classname="com.example.tests.CardProgramCloneDuplicationWithDetailsModificationIntegrationTests" time="46.249">
    <error type="java.lang.NullPointerException:">java.lang.NullPointerException: null
	at com.example.tests.CardProgramCloneDuplicationWithDetailsModificationIntegrationTests.tearDown(CardProgramCloneDuplicationWithDetailsModificationIntegrationTests.java:101)
</error>
  </testcase>
</testsuite>